# JRE version: Java(TM) SE Runtime Environment Oracle GraalVM 17.0.10+11.1 (17.0.10+11) (build 17.0.10+11-LTS-jvmci-23.0-b27)
# Java VM: Java HotSpot(TM) 64-Bit Server VM Oracle GraalVM 17.0.10+11.1 (17.0.10+11-LTS-jvmci-23.0-b27, mixed mode, sharing, tiered, jvmci, jvmci compiler, compressed oops, compressed class ptrs, g1 gc, windows-amd64)
GC Precious Log:
 CPUs: 12 total, 12 available
 Memory: 16251M
 Large Page Support: Disabled
 NUMA Support: Disabled
 Compressed Oops: Enabled (Zero based)
 Heap Region Size: 2M
 Heap Min Capacity: 8M
 Heap Initial Capacity: 254M
 Heap Max Capacity: 4064M
 Pre-touch: Disabled
 Parallel Workers: 10
 Concurrent Workers: 3
 Concurrent Refinement Workers: 10
 Periodic GC: Disabled
Heap:
 garbage-first heap   total 96256K, used 62880K [0x0000000702000000, 0x0000000800000000)
  region size 2048K, 18 young (36864K), 1 survivors (2048K)
 Metaspace       used 47088K, committed 47552K, reserved 1114112K
  class space    used 5633K, committed 5888K, reserved 1048576K
GC Heap History (20 events):
Event: 0.791 GC heap before
{Heap before GC invocations=1 (full 0):
 garbage-first heap   total 260096K, used 27376K [0x0000000702000000, 0x0000000800000000)
  region size 2048K, 13 young (26624K), 2 survivors (4096K)
 Metaspace       used 9211K, committed 9408K, reserved 1114112K
  class space    used 1058K, committed 1152K, reserved 1048576K
}
Event: 0.794 GC heap after
{Heap after GC invocations=2 (full 0):
 garbage-first heap   total 260096K, used 8362K [0x0000000702000000, 0x0000000800000000)
  region size 2048K, 1 young (2048K), 1 survivors (2048K)
 Metaspace       used 9211K, committed 9408K, reserved 1114112K
  class space    used 1058K, committed 1152K, reserved 1048576K
}
Event: 1.490 GC heap before
{Heap before GC invocations=2 (full 0):
 garbage-first heap   total 260096K, used 75946K [0x0000000702000000, 0x0000000800000000)
  region size 2048K, 34 young (69632K), 1 survivors (2048K)
 Metaspace       used 21114K, committed 21376K, reserved 1114112K
  class space    used 2449K, committed 2560K, reserved 1048576K
}
Event: 1.493 GC heap after
{Heap after GC invocations=3 (full 0):
 garbage-first heap   total 260096K, used 11884K [0x0000000702000000, 0x0000000800000000)
  region size 2048K, 3 young (6144K), 3 survivors (6144K)
 Metaspace       used 21114K, committed 21376K, reserved 1114112K
  class space    used 2449K, committed 2560K, reserved 1048576K
}
Event: 1.509 GC heap before
{Heap before GC invocations=3 (full 0):
 garbage-first heap   total 260096K, used 13932K [0x0000000702000000, 0x0000000800000000)
  region size 2048K, 5 young (10240K), 3 survivors (6144K)
 Metaspace       used 21229K, committed 21504K, reserved 1114112K
  class space    used 2464K, committed 2624K, reserved 1048576K
}
Event: 1.511 GC heap after
{Heap after GC invocations=4 (full 0):
 garbage-first heap   total 260096K, used 12146K [0x0000000702000000, 0x0000000800000000)
  region size 2048K, 3 young (6144K), 3 survivors (6144K)
 Metaspace       used 21229K, committed 21504K, reserved 1114112K
  class space    used 2464K, committed 2624K, reserved 1048576K
}
Event: 1.853 GC heap before
{Heap before GC invocations=5 (full 0):
 garbage-first heap   total 55296K, used 38770K [0x0000000702000000, 0x0000000800000000)
  region size 2048K, 16 young (32768K), 3 survivors (6144K)
 Metaspace       used 26925K, committed 27200K, reserved 1114112K
  class space    used 3200K, committed 3328K, reserved 1048576K
}
Event: 1.857 GC heap after
{Heap after GC invocations=6 (full 0):
 garbage-first heap   total 55296K, used 15228K [0x0000000702000000, 0x0000000800000000)
  region size 2048K, 2 young (4096K), 2 survivors (4096K)
 Metaspace       used 26925K, committed 27200K, reserved 1114112K
  class space    used 3200K, committed 3328K, reserved 1048576K
}
Event: 1.869 GC heap before
{Heap before GC invocations=6 (full 0):
 garbage-first heap   total 55296K, used 17276K [0x0000000702000000, 0x0000000800000000)
  region size 2048K, 3 young (6144K), 2 survivors (4096K)
 Metaspace       used 27087K, committed 27456K, reserved 1114112K
  class space    used 3217K, committed 3392K, reserved 1048576K
}
Event: 1.871 GC heap after
{Heap after GC invocations=7 (full 0):
 garbage-first heap   total 55296K, used 15610K [0x0000000702000000, 0x0000000800000000)
  region size 2048K, 1 young (2048K), 1 survivors (2048K)
 Metaspace       used 27087K, committed 27456K, reserved 1114112K
  class space    used 3217K, committed 3392K, reserved 1048576K
}
Event: 1.958 GC heap before
{Heap before GC invocations=7 (full 0):
 garbage-first heap   total 55296K, used 34042K [0x0000000702000000, 0x0000000800000000)
  region size 2048K, 11 young (22528K), 1 survivors (2048K)
 Metaspace       used 28428K, committed 28800K, reserved 1114112K
  class space    used 3350K, committed 3520K, reserved 1048576K
}
Event: 1.960 GC heap after
{Heap after GC invocations=8 (full 0):
 garbage-first heap   total 55296K, used 22045K [0x0000000702000000, 0x0000000800000000)
  region size 2048K, 2 young (4096K), 2 survivors (4096K)
 Metaspace       used 28428K, committed 28800K, reserved 1114112K
  class space    used 3350K, committed 3520K, reserved 1048576K
}
Event: 2.059 GC heap before
{Heap before GC invocations=8 (full 0):
 garbage-first heap   total 55296K, used 34333K [0x0000000702000000, 0x0000000800000000)
  region size 2048K, 9 young (18432K), 2 survivors (4096K)
 Metaspace       used 28985K, committed 29312K, reserved 1114112K
  class space    used 3401K, committed 3584K, reserved 1048576K
}
Event: 2.060 GC heap after
{Heap after GC invocations=9 (full 0):
 garbage-first heap   total 157696K, used 21023K [0x0000000702000000, 0x0000000800000000)
  region size 2048K, 1 young (2048K), 1 survivors (2048K)
 Metaspace       used 28985K, committed 29312K, reserved 1114112K
  class space    used 3401K, committed 3584K, reserved 1048576K
}
Event: 2.713 GC heap before
{Heap before GC invocations=9 (full 0):
 garbage-first heap   total 157696K, used 66079K [0x0000000702000000, 0x0000000800000000)
  region size 2048K, 24 young (49152K), 1 survivors (2048K)
 Metaspace       used 35603K, committed 35968K, reserved 1114112K
  class space    used 4364K, committed 4544K, reserved 1048576K
}
Event: 2.715 GC heap after
{Heap after GC invocations=10 (full 0):
 garbage-first heap   total 157696K, used 24732K [0x0000000702000000, 0x0000000800000000)
  region size 2048K, 3 young (6144K), 3 survivors (6144K)
 Metaspace       used 35603K, committed 35968K, reserved 1114112K
  class space    used 4364K, committed 4544K, reserved 1048576K
}
Event: 302.848 GC heap before
{Heap before GC invocations=11 (full 0):
 garbage-first heap   total 96256K, used 75932K [0x0000000702000000, 0x0000000800000000)
  region size 2048K, 28 young (57344K), 3 survivors (6144K)
 Metaspace       used 45810K, committed 46272K, reserved 1114112K
  class space    used 5626K, committed 5888K, reserved 1048576K
}
Event: 302.852 GC heap after
{Heap after GC invocations=12 (full 0):
 garbage-first heap   total 96256K, used 29097K [0x0000000702000000, 0x0000000800000000)
  region size 2048K, 4 young (8192K), 4 survivors (8192K)
 Metaspace       used 45810K, committed 46272K, reserved 1114112K
  class space    used 5626K, committed 5888K, reserved 1048576K
}
Event: 2277.870 GC heap before
{Heap before GC invocations=12 (full 0):
 garbage-first heap   total 96256K, used 68009K [0x0000000702000000, 0x0000000800000000)
  region size 2048K, 23 young (47104K), 4 survivors (8192K)
 Metaspace       used 46427K, committed 46848K, reserved 1114112K
  class space    used 5632K, committed 5888K, reserved 1048576K
}
Event: 2277.873 GC heap after
{Heap after GC invocations=13 (full 0):
 garbage-first heap   total 96256K, used 30112K [0x0000000702000000, 0x0000000800000000)
  region size 2048K, 1 young (2048K), 1 survivors (2048K)
 Metaspace       used 46427K, committed 46848K, reserved 1114112K
  class space    used 5632K, committed 5888K, reserved 1048576K
}

