# JRE version: Java(TM) SE Runtime Environment Oracle GraalVM 17.0.10+11.1 (17.0.10+11) (build 17.0.10+11-LTS-jvmci-23.0-b27)
# Java VM: Java HotSpot(TM) 64-Bit Server VM Oracle GraalVM 17.0.10+11.1 (17.0.10+11-LTS-jvmci-23.0-b27, mixed mode, sharing, tiered, jvmci, jvmci compiler, compressed oops, compressed class ptrs, g1 gc, windows-amd64)
GC Precious Log:
 CPUs: 12 total, 12 available
 Memory: 16251M
 Large Page Support: Disabled
 NUMA Support: Disabled
 Compressed Oops: Enabled (Zero based)
 Heap Region Size: 2M
 Heap Min Capacity: 8M
 Heap Initial Capacity: 254M
 Heap Max Capacity: 4064M
 Pre-touch: Disabled
 Parallel Workers: 10
 Concurrent Workers: 3
 Concurrent Refinement Workers: 10
 Periodic GC: Disabled
Heap:
 garbage-first heap   total 122880K, used 55599K [0x0000000702000000, 0x0000000800000000)
  region size 2048K, 11 young (22528K), 1 survivors (2048K)
 Metaspace       used 73487K, committed 73856K, reserved 1114112K
  class space    used 9273K, committed 9472K, reserved 1048576K
GC Heap History (20 events):
Event: 5.251 GC heap before
{Heap before GC invocations=11 (full 0):
 garbage-first heap   total 61440K, used 41774K [0x0000000702000000, 0x0000000800000000)
  region size 2048K, 11 young (22528K), 1 survivors (2048K)
 Metaspace       used 40652K, committed 40960K, reserved 1114112K
  class space    used 5019K, committed 5184K, reserved 1048576K
}
Event: 5.253 GC heap after
{Heap after GC invocations=12 (full 0):
 garbage-first heap   total 61440K, used 24428K [0x0000000702000000, 0x0000000800000000)
  region size 2048K, 2 young (4096K), 2 survivors (4096K)
 Metaspace       used 40652K, committed 40960K, reserved 1114112K
  class space    used 5019K, committed 5184K, reserved 1048576K
}
Event: 5.541 GC heap before
{Heap before GC invocations=12 (full 0):
 garbage-first heap   total 61440K, used 42860K [0x0000000702000000, 0x0000000800000000)
  region size 2048K, 11 young (22528K), 2 survivors (4096K)
 Metaspace       used 46053K, committed 46400K, reserved 1114112K
  class space    used 5930K, committed 6080K, reserved 1048576K
}
Event: 5.543 GC heap after
{Heap after GC invocations=13 (full 0):
 garbage-first heap   total 61440K, used 25597K [0x0000000702000000, 0x0000000800000000)
  region size 2048K, 2 young (4096K), 2 survivors (4096K)
 Metaspace       used 46053K, committed 46400K, reserved 1114112K
  class space    used 5930K, committed 6080K, reserved 1048576K
}
Event: 5.941 GC heap before
{Heap before GC invocations=13 (full 0):
 garbage-first heap   total 61440K, used 46077K [0x0000000702000000, 0x0000000800000000)
  region size 2048K, 12 young (24576K), 2 survivors (4096K)
 Metaspace       used 51579K, committed 51968K, reserved 1114112K
  class space    used 6810K, committed 6976K, reserved 1048576K
}
Event: 5.943 GC heap after
{Heap after GC invocations=14 (full 0):
 garbage-first heap   total 61440K, used 26712K [0x0000000702000000, 0x0000000800000000)
  region size 2048K, 2 young (4096K), 2 survivors (4096K)
 Metaspace       used 51579K, committed 51968K, reserved 1114112K
  class space    used 6810K, committed 6976K, reserved 1048576K
}
Event: 6.163 GC heap before
{Heap before GC invocations=14 (full 0):
 garbage-first heap   total 61440K, used 45144K [0x0000000702000000, 0x0000000800000000)
  region size 2048K, 11 young (22528K), 2 survivors (4096K)
 Metaspace       used 54246K, committed 54592K, reserved 1114112K
  class space    used 7152K, committed 7296K, reserved 1048576K
}
Event: 6.165 GC heap after
{Heap after GC invocations=15 (full 0):
 garbage-first heap   total 61440K, used 28037K [0x0000000702000000, 0x0000000800000000)
  region size 2048K, 2 young (4096K), 2 survivors (4096K)
 Metaspace       used 54246K, committed 54592K, reserved 1114112K
  class space    used 7152K, committed 7296K, reserved 1048576K
}
Event: 6.380 GC heap before
{Heap before GC invocations=15 (full 0):
 garbage-first heap   total 61440K, used 46469K [0x0000000702000000, 0x0000000800000000)
  region size 2048K, 11 young (22528K), 2 survivors (4096K)
 Metaspace       used 56315K, committed 56704K, reserved 1114112K
  class space    used 7433K, committed 7616K, reserved 1048576K
}
Event: 6.382 GC heap after
{Heap after GC invocations=16 (full 0):
 garbage-first heap   total 61440K, used 29532K [0x0000000702000000, 0x0000000800000000)
  region size 2048K, 2 young (4096K), 2 survivors (4096K)
 Metaspace       used 56315K, committed 56704K, reserved 1114112K
  class space    used 7433K, committed 7616K, reserved 1048576K
}
Event: 6.630 GC heap before
{Heap before GC invocations=16 (full 0):
 garbage-first heap   total 61440K, used 45916K [0x0000000702000000, 0x0000000800000000)
  region size 2048K, 10 young (20480K), 2 survivors (4096K)
 Metaspace       used 58563K, committed 58944K, reserved 1114112K
  class space    used 7736K, committed 7872K, reserved 1048576K
}
Event: 6.632 GC heap after
{Heap after GC invocations=17 (full 0):
 garbage-first heap   total 161792K, used 31223K [0x0000000702000000, 0x0000000800000000)
  region size 2048K, 2 young (4096K), 2 survivors (4096K)
 Metaspace       used 58563K, committed 58944K, reserved 1114112K
  class space    used 7736K, committed 7872K, reserved 1048576K
}
Event: 716.311 GC heap before
{Heap before GC invocations=18 (full 0):
 garbage-first heap   total 122880K, used 100855K [0x0000000702000000, 0x0000000800000000)
  region size 2048K, 36 young (73728K), 2 survivors (4096K)
 Metaspace       used 68649K, committed 69120K, reserved 1114112K
  class space    used 8957K, committed 9216K, reserved 1048576K
}
Event: 716.315 GC heap after
{Heap after GC invocations=19 (full 0):
 garbage-first heap   total 122880K, used 36362K [0x0000000702000000, 0x0000000800000000)
  region size 2048K, 5 young (10240K), 5 survivors (10240K)
 Metaspace       used 68649K, committed 69120K, reserved 1114112K
  class space    used 8957K, committed 9216K, reserved 1048576K
}
Event: 3268.513 GC heap before
{Heap before GC invocations=19 (full 0):
 garbage-first heap   total 122880K, used 91658K [0x0000000702000000, 0x0000000800000000)
  region size 2048K, 32 young (65536K), 5 survivors (10240K)
 Metaspace       used 69427K, committed 69952K, reserved 1114112K
  class space    used 8961K, committed 9216K, reserved 1048576K
}
Event: 3268.518 GC heap after
{Heap after GC invocations=20 (full 0):
 garbage-first heap   total 122880K, used 37242K [0x0000000702000000, 0x0000000800000000)
  region size 2048K, 1 young (2048K), 1 survivors (2048K)
 Metaspace       used 69427K, committed 69952K, reserved 1114112K
  class space    used 8961K, committed 9216K, reserved 1048576K
}
Event: 5316.591 GC heap before
{Heap before GC invocations=20 (full 0):
 garbage-first heap   total 122880K, used 94586K [0x0000000702000000, 0x0000000800000000)
  region size 2048K, 29 young (59392K), 1 survivors (2048K)
 Metaspace       used 72699K, committed 73152K, reserved 1114112K
  class space    used 9271K, committed 9472K, reserved 1048576K
}
Event: 5316.593 GC heap after
{Heap after GC invocations=21 (full 0):
 garbage-first heap   total 122880K, used 37146K [0x0000000702000000, 0x0000000800000000)
  region size 2048K, 1 young (2048K), 1 survivors (2048K)
 Metaspace       used 72699K, committed 73152K, reserved 1114112K
  class space    used 9271K, committed 9472K, reserved 1048576K
}
Event: 8054.293 GC heap before
{Heap before GC invocations=21 (full 0):
 garbage-first heap   total 122880K, used 96538K [0x0000000702000000, 0x0000000800000000)
  region size 2048K, 30 young (61440K), 1 survivors (2048K)
 Metaspace       used 73410K, committed 73792K, reserved 1114112K
  class space    used 9272K, committed 9472K, reserved 1048576K
}
Event: 8054.295 GC heap after
{Heap after GC invocations=22 (full 0):
 garbage-first heap   total 122880K, used 37167K [0x0000000702000000, 0x0000000800000000)
  region size 2048K, 1 young (2048K), 1 survivors (2048K)
 Metaspace       used 73410K, committed 73792K, reserved 1114112K
  class space    used 9272K, committed 9472K, reserved 1048576K
}

